<?xml version="1.0" encoding="UTF-8"?>
<!-- Generated by org.testng.reporters.JUnitXMLReporter -->
<testsuite ignored="0" hostname="LAP-SG-10299" failures="0" tests="6" name="Default test" time="24.959" errors="0" timestamp="2025-07-21T12:59:52 IST">
  <testcase classname="stepdefinitions.AddInvite" name="loginAndGoToInvitesPage" time="6.398"/>
  <testcase classname="stepdefinitions.AddInvite" name="addVisitorInvite" time="3.597"/>
  <testcase classname="stepdefinitions.AddInvite" name="addVisitorInvite" time="2.957"/>
  <testcase classname="stepdefinitions.AddInvite" name="addVisitorInvite" time="3.064"/>
  <testcase classname="stepdefinitions.AddInvite" name="addVisitorInvite" time="3.464"/>
  <testcase classname="stepdefinitions.AddInvite" name="addVisitorInvite" time="2.892"/>
</testsuite> <!-- Default test -->
