<?xml version="1.0" encoding="UTF-8"?>
<testng-results ignored="0" total="6" passed="6" failed="0" skipped="0">
  <reporter-output>
    <line>
      <![CDATA[✅Login Successful]]>
    </line>
    <line>
      <![CDATA[Visitor invite form submitted for Diya Mehra]]>
    </line>
    <line>
      <![CDATA[Visitor invite form submitted for Rajiv Menon]]>
    </line>
    <line>
      <![CDATA[Visitor invite form submitted for Sneha Reddy]]>
    </line>
    <line>
      <![CDATA[Visitor invite form submitted for Vikram Desai]]>
    </line>
    <line>
      <![CDATA[Visitor invite form submitted for Isha Kapoor]]>
    </line>
  </reporter-output>
  <suite started-at="2025-07-21T12:59:27 IST" name="Default suite" finished-at="2025-07-21T12:59:52 IST" duration-ms="24959">
    <groups>
    </groups>
    <test started-at="2025-07-21T12:59:27 IST" name="Default test" finished-at="2025-07-21T12:59:52 IST" duration-ms="24959">
      <class name="stepdefinitions.AddInvite">
        <test-method is-config="true" signature="setUpBrowser()[pri:0, instance:stepdefinitions.AddInvite@65e98b1c]" started-at="2025-07-21T12:59:27 IST" name="setUpBrowser" finished-at="2025-07-21T12:59:29 IST" duration-ms="1634" status="PASS">
          <reporter-output>
          </reporter-output>
        </test-method> <!-- setUpBrowser -->
        <test-method is-config="true" signature="loadNamesFromExcel()[pri:0, instance:stepdefinitions.AddInvite@65e98b1c]" started-at="2025-07-21T12:59:29 IST" name="loadNamesFromExcel" finished-at="2025-07-21T12:59:29 IST" duration-ms="618" status="PASS">
          <reporter-output>
          </reporter-output>
        </test-method> <!-- loadNamesFromExcel -->
        <test-method signature="loginAndGoToInvitesPage()[pri:1, instance:stepdefinitions.AddInvite@65e98b1c]" started-at="2025-07-21T12:59:29 IST" name="loginAndGoToInvitesPage" finished-at="2025-07-21T12:59:36 IST" duration-ms="6398" status="PASS">
          <reporter-output>
            <line>
              <![CDATA[✅Login Successful]]>
            </line>
          </reporter-output>
        </test-method> <!-- loginAndGoToInvitesPage -->
        <test-method signature="addVisitorInvite()[pri:2, instance:stepdefinitions.AddInvite@65e98b1c]" started-at="2025-07-21T12:59:36 IST" name="addVisitorInvite" finished-at="2025-07-21T12:59:39 IST" duration-ms="3597" status="PASS">
          <reporter-output>
            <line>
              <![CDATA[Visitor invite form submitted for Diya Mehra]]>
            </line>
          </reporter-output>
        </test-method> <!-- addVisitorInvite -->
        <test-method signature="addVisitorInvite()[pri:2, instance:stepdefinitions.AddInvite@65e98b1c]" started-at="2025-07-21T12:59:39 IST" name="addVisitorInvite" finished-at="2025-07-21T12:59:42 IST" duration-ms="2957" status="PASS">
          <reporter-output>
            <line>
              <![CDATA[Visitor invite form submitted for Rajiv Menon]]>
            </line>
          </reporter-output>
        </test-method> <!-- addVisitorInvite -->
        <test-method signature="addVisitorInvite()[pri:2, instance:stepdefinitions.AddInvite@65e98b1c]" started-at="2025-07-21T12:59:42 IST" name="addVisitorInvite" finished-at="2025-07-21T12:59:45 IST" duration-ms="3064" status="PASS">
          <reporter-output>
            <line>
              <![CDATA[Visitor invite form submitted for Sneha Reddy]]>
            </line>
          </reporter-output>
        </test-method> <!-- addVisitorInvite -->
        <test-method signature="addVisitorInvite()[pri:2, instance:stepdefinitions.AddInvite@65e98b1c]" started-at="2025-07-21T12:59:45 IST" name="addVisitorInvite" finished-at="2025-07-21T12:59:49 IST" duration-ms="3464" status="PASS">
          <reporter-output>
            <line>
              <![CDATA[Visitor invite form submitted for Vikram Desai]]>
            </line>
          </reporter-output>
        </test-method> <!-- addVisitorInvite -->
        <test-method signature="addVisitorInvite()[pri:2, instance:stepdefinitions.AddInvite@65e98b1c]" started-at="2025-07-21T12:59:49 IST" name="addVisitorInvite" finished-at="2025-07-21T12:59:52 IST" duration-ms="2892" status="PASS">
          <reporter-output>
            <line>
              <![CDATA[Visitor invite form submitted for Isha Kapoor]]>
            </line>
          </reporter-output>
        </test-method> <!-- addVisitorInvite -->
        <test-method is-config="true" signature="tearDownBrowser()[pri:0, instance:stepdefinitions.AddInvite@65e98b1c]" started-at="2025-07-21T12:59:52 IST" name="tearDownBrowser" finished-at="2025-07-21T12:59:52 IST" duration-ms="276" status="PASS">
          <reporter-output>
          </reporter-output>
        </test-method> <!-- tearDownBrowser -->
      </class> <!-- stepdefinitions.AddInvite -->
    </test> <!-- Default test -->
  </suite> <!-- Default suite -->
</testng-results>
